2025-09-26 11:56:48.120 [I] [sub/root.go:149] start frpc service for config file [frpc.toml]
2025-09-26 11:56:48.129 [I] [client/service.go:325] try to connect to server...
2025-09-26 11:56:58.131 [W] [client/service.go:328] connect to server error: dial tcp 103.119.2.223:7100: i/o timeout
2025-09-26 11:56:58.132 [I] [sub/root.go:167] frpc service for config file [frpc.toml] stopped
2025-09-26 12:02:14.678 [I] [sub/root.go:149] start frpc service for config file [frpc.toml]
2025-09-26 12:02:14.694 [I] [client/service.go:325] try to connect to server...
2025-09-26 12:02:16.673 [I] [client/service.go:317] [50e4f0535f53f715] login to server success, get run id [50e4f0535f53f715]
2025-09-26 12:02:16.676 [I] [proxy/proxy_manager.go:177] [50e4f0535f53f715] proxy added: [aaaaaaaa]
2025-09-26 12:02:16.836 [I] [client/control.go:172] [50e4f0535f53f715] [aaaaaaaa] start proxy success
2025-09-26 12:03:24.798 [I] [client/service.go:325] [50e4f0535f53f715] try to connect to server...
2025-09-26 12:03:34.847 [W] [client/service.go:328] [50e4f0535f53f715] connect to server error: connection write timeout
2025-09-26 12:03:36.947 [I] [client/service.go:325] [50e4f0535f53f715] try to connect to server...
2025-09-26 12:03:46.994 [W] [client/service.go:328] [50e4f0535f53f715] connect to server error: connection write timeout
2025-09-26 12:03:51.484 [I] [client/service.go:325] [50e4f0535f53f715] try to connect to server...
2025-09-26 12:04:01.533 [W] [client/service.go:328] [50e4f0535f53f715] connect to server error: connection write timeout
2025-09-26 12:04:11.192 [I] [client/service.go:325] [50e4f0535f53f715] try to connect to server...
2025-09-26 12:04:21.242 [W] [client/service.go:328] [50e4f0535f53f715] connect to server error: connection write timeout
2025-09-26 12:04:41.243 [I] [client/service.go:325] [50e4f0535f53f715] try to connect to server...
2025-09-26 12:04:51.291 [W] [client/service.go:328] [50e4f0535f53f715] connect to server error: connection write timeout
2025-09-26 12:05:11.291 [I] [client/service.go:325] [50e4f0535f53f715] try to connect to server...
2025-09-26 12:05:21.341 [W] [client/service.go:328] [50e4f0535f53f715] connect to server error: connection write timeout
2025-09-26 12:05:41.342 [I] [client/service.go:325] [50e4f0535f53f715] try to connect to server...
2025-09-26 12:05:51.392 [W] [client/service.go:328] [50e4f0535f53f715] connect to server error: connection write timeout
2025-09-26 12:06:11.392 [I] [client/service.go:325] [50e4f0535f53f715] try to connect to server...
2025-09-26 12:06:21.438 [W] [client/service.go:328] [50e4f0535f53f715] connect to server error: connection write timeout
2025-09-26 12:06:41.439 [I] [client/service.go:325] [50e4f0535f53f715] try to connect to server...
2025-09-26 12:06:51.483 [W] [client/service.go:328] [50e4f0535f53f715] connect to server error: connection write timeout
2025-09-26 12:07:11.484 [I] [client/service.go:325] [50e4f0535f53f715] try to connect to server...
2025-09-26 12:07:21.532 [W] [client/service.go:328] [50e4f0535f53f715] connect to server error: connection write timeout
2025-09-26 12:07:41.532 [I] [client/service.go:325] [50e4f0535f53f715] try to connect to server...
